<?xml version="1.0" encoding="UTF-8"?>
<!-- Generated by org.testng.reporters.JUnitReportReporter -->
<testsuite hostname="DESKTOP-7ITE2N0" failures="0" tests="1" name="testClsPackage.Post_TC_4" time="5.002" errors="0" timestamp="2023-06-20T16:28:22 IST" skipped="0">
  <testcase classname="testClsPackage.Post_TC_4" name="execute" time="5.002"/>
  <system-out/>
</testsuite> <!-- testClsPackage.Post_TC_4 -->
